<?xml version="1.0" encoding="UTF-8"?>
<testsuite name="service.PaillierCryptoSystemTest" tests="5" skipped="0" failures="0" errors="0" timestamp="2021-10-07T14:42:55" hostname="DESKTOP-AJEL6JO" time="0.185">
  <properties/>
  <testcase name="homomorphicConstantMultiplicationWith0()" classname="service.PaillierCryptoSystemTest" time="0.09"/>
  <testcase name="homomorphicConstantMultiplicationWith1()" classname="service.PaillierCryptoSystemTest" time="0.029"/>
  <testcase name="homomorphicConstantMultiplication()" classname="service.PaillierCryptoSystemTest" time="0.021"/>
  <testcase name="decrypt()" classname="service.PaillierCryptoSystemTest" time="0.021"/>
  <testcase name="homomorphicAddition()" classname="service.PaillierCryptoSystemTest" time="0.022"/>
  <system-out><![CDATA[]]></system-out>
  <system-err><![CDATA[]]></system-err>
</testsuite>
